0 info it worked if it ends with ok
1 verbose cli [ '/usr/local/bin/node', '/usr/local/bin/npm', 'run', 'stub' ]
2 info using npm@3.8.6
3 info using node@v6.1.0
4 verbose run-script [ 'prestub', 'stub', 'poststub' ]
5 info lifecycle adam-brown-cutomised-wordpress@0.1.0~prestub: adam-brown-cutomised-wordpress@0.1.0
6 silly lifecycle adam-brown-cutomised-wordpress@0.1.0~prestub: no script for prestub, continuing
7 info lifecycle adam-brown-cutomised-wordpress@0.1.0~stub: adam-brown-cutomised-wordpress@0.1.0
8 verbose lifecycle adam-brown-cutomised-wordpress@0.1.0~stub: unsafe-perm in lifecycle true
9 verbose lifecycle adam-brown-cutomised-wordpress@0.1.0~stub: PATH: /usr/local/lib/node_modules/npm/bin/node-gyp-bin:/Library/WebServer/Documents/wordpress/wp-content/themes/herothemetrust/node_modules/.bin:/usr/local/bin:/Users/raulfelixcarrizo/.rvm/gems/ruby-2.3.0/bin:/Users/raulfelixcarrizo/.rvm/gems/ruby-2.3.0@global/bin:/Users/raulfelixcarrizo/.rvm/rubies/ruby-2.3.0/bin:/usr/local/mysql/bin:/usr/local/bin:/usr/bin:/bin:/usr/sbin:/sbin:/Users/raulfelixcarrizo/.rvm/bin
10 verbose lifecycle adam-brown-cutomised-wordpress@0.1.0~stub: CWD: /Library/WebServer/Documents/wordpress/wp-content/themes/herothemetrust
11 silly lifecycle adam-brown-cutomised-wordpress@0.1.0~stub: Args: [ '-c', 'node server/index.js' ]
12 silly lifecycle adam-brown-cutomised-wordpress@0.1.0~stub: Returned: code: 1  signal: null
13 info lifecycle adam-brown-cutomised-wordpress@0.1.0~stub: Failed to exec stub script
14 verbose stack Error: adam-brown-cutomised-wordpress@0.1.0 stub: `node server/index.js`
14 verbose stack Exit status 1
14 verbose stack     at EventEmitter.<anonymous> (/usr/local/lib/node_modules/npm/lib/utils/lifecycle.js:239:16)
14 verbose stack     at emitTwo (events.js:106:13)
14 verbose stack     at EventEmitter.emit (events.js:191:7)
14 verbose stack     at ChildProcess.<anonymous> (/usr/local/lib/node_modules/npm/lib/utils/spawn.js:24:14)
14 verbose stack     at emitTwo (events.js:106:13)
14 verbose stack     at ChildProcess.emit (events.js:191:7)
14 verbose stack     at maybeClose (internal/child_process.js:850:16)
14 verbose stack     at Process.ChildProcess._handle.onexit (internal/child_process.js:215:5)
15 verbose pkgid adam-brown-cutomised-wordpress@0.1.0
16 verbose cwd /Library/WebServer/Documents/wordpress/wp-content/themes/herothemetrust
17 error Darwin 15.6.0
18 error argv "/usr/local/bin/node" "/usr/local/bin/npm" "run" "stub"
19 error node v6.1.0
20 error npm  v3.8.6
21 error code ELIFECYCLE
22 error adam-brown-cutomised-wordpress@0.1.0 stub: `node server/index.js`
22 error Exit status 1
23 error Failed at the adam-brown-cutomised-wordpress@0.1.0 stub script 'node server/index.js'.
23 error Make sure you have the latest version of node.js and npm installed.
23 error If you do, this is most likely a problem with the adam-brown-cutomised-wordpress package,
23 error not with npm itself.
23 error Tell the author that this fails on your system:
23 error     node server/index.js
23 error You can get information on how to open an issue for this project with:
23 error     npm bugs adam-brown-cutomised-wordpress
23 error Or if that isn't available, you can get their info via:
23 error     npm owner ls adam-brown-cutomised-wordpress
23 error There is likely additional logging output above.
24 verbose exit [ 1, true ]
